TN:
SF:src\components\ProtectedRoute\ProtectedRoute.jsx
FN:5,(anonymous_0)
FNF:1
FNH:1
FNDA:2,(anonymous_0)
DA:5,1
DA:6,2
DA:8,2
DA:9,1
DA:12,1
LF:5
LH:5
BRDA:8,0,0,1
BRDA:8,0,1,1
BRDA:8,1,0,2
BRDA:8,1,1,1
BRF:4
BRH:4
end_of_record
TN:
SF:src\components\atoms\Alert\Alert.jsx
FN:4,(anonymous_0)
FNF:1
FNH:1
FNDA:2,(anonymous_0)
DA:4,2
DA:5,2
LF:2
LH:2
BRDA:9,0,0,2
BRDA:9,0,1,2
BRDA:10,1,0,2
BRDA:10,1,1,0
BRDA:11,2,0,2
BRDA:11,2,1,0
BRDA:12,3,0,2
BRDA:12,3,1,0
BRDA:16,4,0,2
BRDA:16,4,1,2
BRF:10
BRH:7
end_of_record
TN:
SF:src\components\atoms\Button\Button.jsx
FN:4,(anonymous_0)
FNF:1
FNH:1
FNDA:532,(anonymous_0)
DA:4,7
DA:13,532
DA:23,532
LF:3
LH:3
BRDA:5,0,0,532
BRDA:6,1,0,532
BRDA:7,2,0,532
BRDA:8,3,0,532
BRDA:10,4,0,532
BRDA:17,5,0,532
BRDA:17,5,1,12
BRDA:18,6,0,532
BRDA:18,6,1,516
BRDA:18,6,2,57
BRDA:26,7,0,532
BRDA:26,7,1,516
BRDA:29,8,0,41
BRDA:29,8,1,491
BRF:14
BRH:14
end_of_record
TN:
SF:src\components\atoms\Input\Input.jsx
FN:4,(anonymous_0)
FNF:1
FNH:1
FNDA:23,(anonymous_0)
DA:4,2
DA:5,23
LF:2
LH:2
BRDA:7,0,0,23
BRDA:7,0,1,23
BRDA:10,1,0,3
BRDA:10,1,1,20
BRDA:13,2,0,23
BRDA:13,2,1,3
BRF:6
BRH:6
end_of_record
TN:
SF:src\components\atoms\Logo\Logo.jsx
FN:4,(anonymous_0)
FNF:1
FNH:1
FNDA:1,(anonymous_0)
DA:4,1
DA:5,1
LF:2
LH:2
BRDA:4,0,0,1
BRF:1
BRH:1
end_of_record
TN:
SF:src\components\molecules\Card\Card.jsx
FN:4,(anonymous_0)
FNF:1
FNH:1
FNDA:1,(anonymous_0)
DA:4,1
DA:5,1
LF:2
LH:2
BRDA:4,0,0,1
BRDA:6,1,0,1
BRDA:6,1,1,0
BRF:3
BRH:2
end_of_record
TN:
SF:src\components\molecules\LoginForm\LoginForm.jsx
FN:8,(anonymous_0)
FN:22,(anonymous_1)
FN:40,(anonymous_2)
FNF:3
FNH:2
FNDA:11,(anonymous_0)
FNDA:2,(anonymous_1)
FNDA:0,(anonymous_2)
DA:8,1
DA:12,11
DA:20,11
DA:22,11
DA:23,2
DA:24,2
DA:25,2
DA:27,1
DA:28,1
DA:32,11
DA:34,11
DA:40,0
LF:12
LH:11
BRDA:27,0,0,0
BRDA:27,0,1,1
BRDA:32,1,0,11
BRDA:32,1,1,11
BRDA:36,2,0,11
BRDA:36,2,1,1
BRF:6
BRH:5
end_of_record
TN:
SF:src\components\pages\Dashboard\DashboardAdminPage.jsx
FN:18,(anonymous_0)
FN:24,(anonymous_1)
FN:36,(anonymous_2)
FN:48,(anonymous_3)
FN:53,(anonymous_4)
FN:68,(anonymous_5)
FN:73,(anonymous_6)
FN:75,(anonymous_7)
FN:82,(anonymous_8)
FN:88,(anonymous_9)
FN:91,(anonymous_10)
FN:102,(anonymous_11)
FN:112,(anonymous_12)
FN:128,(anonymous_13)
FN:151,(anonymous_14)
FN:220,(anonymous_15)
FN:242,(anonymous_16)
FN:256,(anonymous_17)
FN:264,(anonymous_18)
FN:273,(anonymous_19)
FN:281,(anonymous_20)
FN:289,(anonymous_21)
FN:297,(anonymous_22)
FN:302,(anonymous_23)
FN:315,(anonymous_24)
FN:346,(anonymous_25)
FN:353,(anonymous_26)
FN:356,(anonymous_27)
FNF:28
FNH:27
FNDA:8,(anonymous_0)
FNDA:12,(anonymous_1)
FNDA:32,(anonymous_2)
FNDA:5,(anonymous_3)
FNDA:7,(anonymous_4)
FNDA:5,(anonymous_5)
FNDA:15,(anonymous_6)
FNDA:6,(anonymous_7)
FNDA:2,(anonymous_8)
FNDA:9,(anonymous_9)
FNDA:1,(anonymous_10)
FNDA:8,(anonymous_11)
FNDA:1,(anonymous_12)
FNDA:1,(anonymous_13)
FNDA:2,(anonymous_14)
FNDA:2,(anonymous_15)
FNDA:0,(anonymous_16)
FNDA:1,(anonymous_17)
FNDA:1,(anonymous_18)
FNDA:1,(anonymous_19)
FNDA:1,(anonymous_20)
FNDA:2,(anonymous_21)
FNDA:1,(anonymous_22)
FNDA:16,(anonymous_23)
FNDA:2,(anonymous_24)
FNDA:12,(anonymous_25)
FNDA:1,(anonymous_26)
FNDA:1,(anonymous_27)
DA:8,1
DA:18,1
DA:19,8
DA:20,0
DA:21,0
DA:24,1
DA:25,12
DA:26,2
DA:28,10
DA:29,3
DA:32,7
DA:33,7
DA:36,1
DA:37,32
DA:38,32
DA:39,32
DA:40,32
DA:41,32
DA:42,32
DA:43,32
DA:44,32
DA:45,32
DA:46,32
DA:48,32
DA:49,5
DA:50,5
DA:53,32
DA:54,7
DA:55,7
DA:57,7
DA:58,7
DA:59,7
DA:61,0
DA:62,0
DA:64,7
DA:68,32
DA:69,5
DA:70,4
DA:73,32
DA:74,15
DA:75,7
DA:82,32
DA:83,2
DA:84,2
DA:85,2
DA:88,32
DA:89,9
DA:91,1
DA:95,1
DA:102,8
DA:106,8
DA:108,0
DA:112,32
DA:113,1
DA:114,1
DA:115,1
DA:124,1
DA:125,1
DA:128,32
DA:129,1
DA:130,1
DA:132,1
DA:133,1
DA:134,1
DA:136,1
DA:137,1
DA:138,1
DA:139,1
DA:140,1
DA:141,0
DA:144,0
DA:145,0
DA:147,1
DA:151,32
DA:152,2
DA:153,2
DA:154,2
DA:155,2
DA:157,2
DA:158,2
DA:159,1
DA:168,1
DA:169,1
DA:174,1
DA:176,1
DA:185,1
DA:188,2
DA:189,2
DA:191,0
DA:192,0
DA:194,2
DA:198,32
DA:199,1
DA:209,31
DA:221,2
DA:222,2
DA:223,2
DA:243,0
DA:244,0
DA:245,0
DA:256,1
DA:264,1
DA:273,1
DA:281,1
DA:289,2
DA:297,1
DA:303,16
DA:315,2
DA:347,12
DA:353,1
DA:356,1
LF:111
LH:98
BRDA:19,0,0,8
BRDA:19,0,1,0
BRDA:20,1,0,0
BRDA:20,1,1,0
BRDA:25,2,0,2
BRDA:25,2,1,10
BRDA:25,3,0,12
BRDA:25,3,1,2
BRDA:28,4,0,3
BRDA:28,4,1,7
BRDA:28,5,0,10
BRDA:28,5,1,3
BRDA:49,6,0,5
BRDA:49,6,1,0
BRDA:50,7,0,5
BRDA:50,7,1,1
BRDA:50,7,2,1
BRDA:61,8,0,0
BRDA:61,8,1,0
BRDA:69,9,0,1
BRDA:69,9,1,4
BRDA:74,10,0,7
BRDA:74,10,1,8
BRDA:74,11,0,15
BRDA:74,11,1,13
BRDA:77,12,0,6
BRDA:77,12,1,0
BRDA:89,13,0,1
BRDA:89,13,1,1
BRDA:89,13,2,2
BRDA:89,13,3,3
BRDA:89,13,4,4
BRDA:89,13,5,6
BRDA:89,13,6,8
BRDA:89,13,7,0
BRDA:130,14,0,0
BRDA:130,14,1,1
BRDA:140,15,0,0
BRDA:140,15,1,1
BRDA:144,16,0,0
BRDA:144,16,1,0
BRDA:158,17,0,1
BRDA:158,17,1,1
BRDA:168,18,0,1
BRDA:168,18,1,0
BRDA:191,19,0,0
BRDA:191,19,1,0
BRDA:198,20,0,1
BRDA:198,20,1,31
BRDA:231,21,0,31
BRDA:231,21,1,0
BRDA:232,22,0,32
BRDA:232,22,1,3
BRDA:234,23,0,32
BRDA:234,23,1,16
BRDA:237,24,0,4
BRDA:237,24,1,12
BRDA:299,25,0,0
BRDA:299,25,1,16
BRDA:303,26,0,16
BRDA:303,26,1,0
BRDA:311,27,0,4
BRDA:311,27,1,12
BRDA:323,28,0,4
BRDA:323,28,1,12
BRDA:325,29,0,16
BRDA:325,29,1,4
BRDA:362,30,0,32
BRDA:362,30,1,15
BRDA:362,30,2,5
BRF:70
BRH:52
end_of_record
TN:
SF:src\components\pages\Dashboard\DashboardHomePage.jsx
FN:5,(anonymous_0)
FNF:1
FNH:1
FNDA:1,(anonymous_0)
DA:5,1
DA:6,1
DA:8,1
LF:3
LH:3
BRF:0
BRH:0
end_of_record
TN:
SF:src\components\pages\Dashboard\DashboardInventoryPage.jsx
FN:24,(anonymous_0)
FN:29,(anonymous_1)
FN:36,(anonymous_2)
FN:41,(anonymous_3)
FN:46,(anonymous_4)
FN:62,(anonymous_5)
FN:82,(anonymous_6)
FN:83,(anonymous_7)
FN:87,(anonymous_8)
FN:91,(anonymous_9)
FN:96,(anonymous_10)
FN:101,(anonymous_11)
FN:107,(anonymous_12)
FN:112,(anonymous_13)
FN:125,(anonymous_14)
FN:129,(anonymous_15)
FN:133,(anonymous_16)
FN:137,(anonymous_17)
FN:144,(anonymous_18)
FN:146,(anonymous_19)
FN:150,(anonymous_20)
FN:156,(anonymous_21)
FN:163,(anonymous_22)
FN:170,(anonymous_23)
FN:181,(anonymous_24)
FN:192,(anonymous_25)
FN:212,(anonymous_26)
FN:232,(anonymous_27)
FN:233,(anonymous_28)
FN:239,(anonymous_29)
FN:240,(anonymous_30)
FN:246,(anonymous_31)
FN:247,(anonymous_32)
FN:253,(anonymous_33)
FN:278,(anonymous_34)
FN:307,(anonymous_35)
FN:327,(anonymous_36)
FN:356,(anonymous_37)
FN:376,(anonymous_38)
FN:381,(anonymous_39)
FN:405,(anonymous_40)
FN:409,(anonymous_41)
FN:442,(anonymous_42)
FN:452,(anonymous_43)
FN:457,(anonymous_44)
FN:483,(anonymous_45)
FN:495,(anonymous_46)
FN:503,(anonymous_47)
FN:507,(anonymous_48)
FN:515,(anonymous_49)
FN:555,(anonymous_50)
FN:570,(anonymous_51)
FN:578,(anonymous_52)
FN:597,(anonymous_53)
FN:604,(anonymous_54)
FN:628,(anonymous_55)
FN:636,(anonymous_56)
FN:645,(anonymous_57)
FN:671,(anonymous_58)
FN:680,(anonymous_59)
FN:691,(anonymous_60)
FN:717,(anonymous_61)
FN:726,(anonymous_62)
FN:737,(anonymous_63)
FN:811,(anonymous_64)
FNF:65
FNH:52
FNDA:4,(anonymous_0)
FNDA:0,(anonymous_1)
FNDA:90,(anonymous_2)
FNDA:20,(anonymous_3)
FNDA:3,(anonymous_4)
FNDA:53,(anonymous_5)
FNDA:14,(anonymous_6)
FNDA:6,(anonymous_7)
FNDA:5,(anonymous_8)
FNDA:6,(anonymous_9)
FNDA:3,(anonymous_10)
FNDA:7,(anonymous_11)
FNDA:0,(anonymous_12)
FNDA:10,(anonymous_13)
FNDA:7,(anonymous_14)
FNDA:20,(anonymous_15)
FNDA:5,(anonymous_16)
FNDA:5,(anonymous_17)
FNDA:3,(anonymous_18)
FNDA:3,(anonymous_19)
FNDA:3,(anonymous_20)
FNDA:2,(anonymous_21)
FNDA:1,(anonymous_22)
FNDA:1,(anonymous_23)
FNDA:0,(anonymous_24)
FNDA:1,(anonymous_25)
FNDA:1,(anonymous_26)
FNDA:3,(anonymous_27)
FNDA:3,(anonymous_28)
FNDA:3,(anonymous_29)
FNDA:3,(anonymous_30)
FNDA:2,(anonymous_31)
FNDA:2,(anonymous_32)
FNDA:1,(anonymous_33)
FNDA:2,(anonymous_34)
FNDA:1,(anonymous_35)
FNDA:1,(anonymous_36)
FNDA:0,(anonymous_37)
FNDA:1,(anonymous_38)
FNDA:1,(anonymous_39)
FNDA:0,(anonymous_40)
FNDA:1,(anonymous_41)
FNDA:30,(anonymous_42)
FNDA:6,(anonymous_43)
FNDA:1,(anonymous_44)
FNDA:30,(anonymous_45)
FNDA:2,(anonymous_46)
FNDA:1,(anonymous_47)
FNDA:0,(anonymous_48)
FNDA:1,(anonymous_49)
FNDA:0,(anonymous_50)
FNDA:0,(anonymous_51)
FNDA:0,(anonymous_52)
FNDA:1,(anonymous_53)
FNDA:0,(anonymous_54)
FNDA:1,(anonymous_55)
FNDA:1,(anonymous_56)
FNDA:1,(anonymous_57)
FNDA:0,(anonymous_58)
FNDA:1,(anonymous_59)
FNDA:2,(anonymous_60)
FNDA:0,(anonymous_61)
FNDA:1,(anonymous_62)
FNDA:1,(anonymous_63)
FNDA:0,(anonymous_64)
DA:6,1
DA:12,1
DA:18,1
DA:24,1
DA:25,4
DA:26,4
DA:29,1
DA:30,0
DA:31,0
DA:32,0
DA:33,0
DA:36,1
DA:37,90
DA:38,90
DA:41,1
DA:42,20
DA:46,3
DA:62,1
DA:63,53
DA:64,53
DA:65,53
DA:66,53
DA:67,53
DA:68,53
DA:69,53
DA:70,53
DA:71,53
DA:72,53
DA:73,53
DA:74,53
DA:75,53
DA:76,53
DA:77,53
DA:78,53
DA:79,53
DA:80,53
DA:82,53
DA:83,14
DA:84,14
DA:87,53
DA:88,5
DA:91,53
DA:92,6
DA:93,6
DA:96,53
DA:97,3
DA:98,3
DA:101,53
DA:102,7
DA:103,7
DA:104,7
DA:107,53
DA:108,0
DA:109,0
DA:112,53
DA:113,10
DA:114,10
DA:115,10
DA:116,10
DA:118,0
DA:119,0
DA:121,10
DA:125,53
DA:126,7
DA:129,53
DA:130,20
DA:131,7
DA:132,7
DA:133,7
DA:137,7
DA:144,53
DA:145,3
DA:146,3
DA:150,3
DA:156,53
DA:157,2
DA:158,2
DA:160,2
DA:163,53
DA:164,1
DA:165,1
DA:167,1
DA:170,53
DA:171,1
DA:172,0
DA:174,1
DA:175,1
DA:176,1
DA:177,0
DA:181,53
DA:182,0
DA:183,0
DA:185,0
DA:186,0
DA:187,0
DA:188,0
DA:192,53
DA:193,1
DA:194,0
DA:195,0
DA:198,1
DA:199,1
DA:200,1
DA:201,1
DA:202,1
DA:204,0
DA:205,0
DA:206,0
DA:208,1
DA:212,53
DA:213,1
DA:214,0
DA:215,0
DA:218,1
DA:219,1
DA:220,1
DA:221,1
DA:222,1
DA:224,0
DA:225,0
DA:226,0
DA:228,1
DA:232,53
DA:233,3
DA:239,53
DA:240,3
DA:246,53
DA:247,2
DA:253,53
DA:254,1
DA:255,1
DA:256,1
DA:258,1
DA:259,1
DA:265,1
DA:266,1
DA:267,1
DA:268,1
DA:269,1
DA:271,0
DA:272,0
DA:274,1
DA:278,53
DA:279,2
DA:280,2
DA:281,2
DA:283,2
DA:284,2
DA:290,2
DA:291,0
DA:292,0
DA:295,2
DA:296,1
DA:297,1
DA:300,1
DA:301,0
DA:302,0
DA:305,1
DA:306,1
DA:307,1
DA:311,1
DA:313,1
DA:314,1
DA:315,1
DA:318,1
DA:320,0
DA:321,0
DA:323,2
DA:327,53
DA:328,1
DA:329,1
DA:330,1
DA:332,1
DA:333,1
DA:339,1
DA:340,0
DA:341,0
DA:344,1
DA:345,0
DA:346,0
DA:349,1
DA:350,1
DA:351,1
DA:354,0
DA:355,0
DA:356,0
DA:360,0
DA:362,0
DA:363,0
DA:364,0
DA:367,0
DA:369,0
DA:370,0
DA:372,1
DA:376,53
DA:377,1
DA:378,1
DA:381,53
DA:382,1
DA:384,1
DA:385,1
DA:387,1
DA:388,1
DA:389,1
DA:390,1
DA:391,1
DA:392,1
DA:393,1
DA:395,1
DA:396,1
DA:398,0
DA:399,0
DA:401,1
DA:405,53
DA:406,0
DA:409,53
DA:410,1
DA:411,1
DA:415,53
DA:443,30
DA:452,6
DA:457,1
DA:484,30
DA:495,2
DA:503,1
DA:507,0
DA:515,1
DA:556,0
DA:558,0
DA:570,0
DA:578,0
DA:597,1
DA:604,0
DA:628,1
DA:636,1
DA:645,1
DA:671,0
DA:680,1
DA:691,2
DA:717,0
DA:726,1
DA:737,1
DA:812,0
LF:243
LH:183
BRDA:26,0,0,4
BRDA:26,0,1,0
BRDA:30,1,0,0
BRDA:30,1,1,0
BRDA:32,2,0,0
BRDA:32,2,1,0
BRDA:37,3,0,0
BRDA:37,3,1,90
BRDA:37,4,0,90
BRDA:37,4,1,90
BRDA:37,4,2,90
BRDA:118,5,0,0
BRDA:118,5,1,0
BRDA:130,6,0,7
BRDA:130,6,1,13
BRDA:130,7,0,20
BRDA:130,7,1,15
BRDA:157,8,0,2
BRDA:157,8,1,0
BRDA:164,9,0,1
BRDA:164,9,1,0
BRDA:171,10,0,0
BRDA:171,10,1,1
BRDA:176,11,0,0
BRDA:176,11,1,1
BRDA:182,12,0,0
BRDA:182,12,1,0
BRDA:187,13,0,0
BRDA:187,13,1,0
BRDA:193,14,0,0
BRDA:193,14,1,1
BRDA:204,15,0,0
BRDA:204,15,1,0
BRDA:213,16,0,0
BRDA:213,16,1,1
BRDA:224,17,0,0
BRDA:224,17,1,0
BRDA:271,18,0,0
BRDA:271,18,1,0
BRDA:290,19,0,0
BRDA:290,19,1,2
BRDA:295,20,0,1
BRDA:295,20,1,1
BRDA:300,21,0,0
BRDA:300,21,1,1
BRDA:313,22,0,1
BRDA:313,22,1,0
BRDA:320,23,0,0
BRDA:320,23,1,0
BRDA:339,24,0,0
BRDA:339,24,1,1
BRDA:344,25,0,0
BRDA:344,25,1,1
BRDA:349,26,0,1
BRDA:349,26,1,0
BRDA:362,27,0,0
BRDA:362,27,1,0
BRDA:369,28,0,0
BRDA:369,28,1,0
BRDA:382,29,0,0
BRDA:382,29,1,1
BRDA:390,30,0,1
BRDA:390,30,1,0
BRDA:398,31,0,0
BRDA:398,31,1,0
BRDA:424,32,0,53
BRDA:424,32,1,39
BRDA:435,33,0,53
BRDA:435,33,1,5
BRDA:447,34,0,53
BRDA:447,34,1,14
BRDA:464,35,0,53
BRDA:464,35,1,36
BRDA:522,36,0,36
BRDA:522,36,1,30
BRDA:522,36,2,0
BRDA:527,37,0,36
BRDA:527,37,1,6
BRDA:538,38,0,53
BRDA:538,38,1,3
BRDA:556,39,0,0
BRDA:556,39,1,0
BRDA:561,40,0,0
BRDA:561,40,1,0
BRDA:561,40,2,0
BRDA:562,41,0,0
BRDA:562,41,1,0
BRDA:587,42,0,3
BRDA:587,42,1,0
BRDA:592,43,0,3
BRDA:592,43,1,3
BRDA:592,43,2,3
BRDA:620,44,0,53
BRDA:620,44,1,5
BRDA:662,45,0,53
BRDA:662,45,1,7
BRDA:708,46,0,53
BRDA:708,46,1,4
BRDA:754,47,0,53
BRDA:754,47,1,2
BRDA:757,48,0,2
BRDA:757,48,1,2
BRDA:758,49,0,2
BRDA:758,49,1,0
BRDA:759,50,0,2
BRDA:759,50,1,2
BRDA:759,50,2,0
BRDA:769,51,0,0
BRDA:769,51,1,0
BRDA:783,52,0,2
BRDA:783,52,1,2
BRDA:783,52,2,2
BRDA:795,53,0,53
BRDA:795,53,1,0
BRDA:798,54,0,0
BRDA:798,54,1,0
BRDA:814,55,0,0
BRDA:814,55,1,0
BRDA:814,55,2,0
BRDA:815,56,0,0
BRDA:815,56,1,0
BRDA:820,57,0,0
BRDA:820,57,1,0
BRDA:825,58,0,0
BRDA:825,58,1,0
BRDA:825,58,2,0
BRDA:844,59,0,53
BRDA:844,59,1,2
BRF:128
BRH:62
end_of_record
TN:
SF:src\components\pages\Dashboard\DashboardLayoutPage.jsx
FN:7,(anonymous_0)
FN:12,(anonymous_1)
FN:18,(anonymous_2)
FN:37,(anonymous_3)
FN:52,(anonymous_4)
FN:58,(anonymous_5)
FN:64,(anonymous_6)
FN:71,(anonymous_7)
FN:78,(anonymous_8)
FNF:9
FNH:3
FNDA:3,(anonymous_0)
FNDA:1,(anonymous_1)
FNDA:3,(anonymous_2)
FNDA:0,(anonymous_3)
FNDA:0,(anonymous_4)
FNDA:0,(anonymous_5)
FNDA:0,(anonymous_6)
FNDA:0,(anonymous_7)
FNDA:0,(anonymous_8)
DA:7,1
DA:8,3
DA:9,3
DA:10,3
DA:12,3
DA:13,1
DA:14,1
DA:18,3
DA:19,3
DA:20,3
DA:23,3
DA:37,0
DA:52,0
DA:58,0
DA:64,0
DA:71,0
DA:78,0
LF:17
LH:11
BRDA:19,0,0,3
BRDA:19,0,1,0
BRDA:20,1,0,3
BRDA:20,1,1,1
BRDA:20,1,2,1
BRDA:51,2,0,3
BRDA:51,2,1,0
BRDA:57,3,0,0
BRDA:57,3,1,3
BRDA:63,4,0,0
BRDA:63,4,1,3
BRDA:68,5,0,3
BRDA:68,5,1,2
BRDA:70,6,0,0
BRDA:70,6,1,2
BRDA:77,7,0,0
BRDA:77,7,1,3
BRF:17
BRH:11
end_of_record
TN:
SF:src\components\pages\Dashboard\DashboardMetricsPage.jsx
FN:12,(anonymous_0)
FN:17,(anonymous_1)
FN:22,(anonymous_2)
FN:29,(anonymous_3)
FN:34,(anonymous_4)
FN:50,(anonymous_5)
FN:63,(anonymous_6)
FN:64,(anonymous_7)
FN:68,(anonymous_8)
FN:70,(anonymous_9)
FN:73,(anonymous_10)
FN:77,(anonymous_11)
FN:82,(anonymous_12)
FN:86,(anonymous_13)
FN:99,(anonymous_14)
FN:103,(anonymous_15)
FN:105,(anonymous_16)
FN:112,(anonymous_17)
FN:132,(anonymous_18)
FN:133,(anonymous_19)
FN:145,(anonymous_20)
FN:146,(anonymous_21)
FN:149,(anonymous_22)
FN:154,(anonymous_23)
FN:185,(anonymous_24)
FN:197,(anonymous_25)
FN:202,(anonymous_26)
FN:250,(anonymous_27)
FN:255,(anonymous_28)
FN:267,(anonymous_29)
FN:340,(anonymous_30)
FN:380,(anonymous_31)
FN:391,(anonymous_32)
FNF:33
FNH:28
FNDA:2,(anonymous_0)
FNDA:54,(anonymous_1)
FNDA:18,(anonymous_2)
FNDA:4,(anonymous_3)
FNDA:1,(anonymous_4)
FNDA:17,(anonymous_5)
FNDA:6,(anonymous_6)
FNDA:2,(anonymous_7)
FNDA:8,(anonymous_8)
FNDA:2,(anonymous_9)
FNDA:3,(anonymous_10)
FNDA:1,(anonymous_11)
FNDA:1,(anonymous_12)
FNDA:3,(anonymous_13)
FNDA:3,(anonymous_14)
FNDA:8,(anonymous_15)
FNDA:2,(anonymous_16)
FNDA:1,(anonymous_17)
FNDA:2,(anonymous_18)
FNDA:2,(anonymous_19)
FNDA:0,(anonymous_20)
FNDA:0,(anonymous_21)
FNDA:0,(anonymous_22)
FNDA:1,(anonymous_23)
FNDA:2,(anonymous_24)
FNDA:0,(anonymous_25)
FNDA:4,(anonymous_26)
FNDA:8,(anonymous_27)
FNDA:0,(anonymous_28)
FNDA:1,(anonymous_29)
FNDA:1,(anonymous_30)
FNDA:1,(anonymous_31)
FNDA:1,(anonymous_32)
DA:6,1
DA:12,1
DA:13,2
DA:14,2
DA:17,1
DA:18,54
DA:19,6
DA:22,1
DA:23,18
DA:24,2
DA:25,2
DA:26,2
DA:29,1
DA:30,4
DA:34,1
DA:50,1
DA:51,17
DA:52,17
DA:53,17
DA:54,17
DA:55,17
DA:56,17
DA:57,17
DA:58,17
DA:59,17
DA:60,17
DA:61,17
DA:63,17
DA:64,6
DA:65,6
DA:68,17
DA:69,8
DA:70,2
DA:73,17
DA:74,3
DA:77,17
DA:78,1
DA:79,1
DA:82,17
DA:83,1
DA:86,17
DA:87,3
DA:88,3
DA:89,3
DA:90,3
DA:92,0
DA:93,0
DA:95,3
DA:99,17
DA:100,3
DA:103,17
DA:104,8
DA:105,2
DA:112,17
DA:113,1
DA:114,0
DA:115,0
DA:118,1
DA:119,1
DA:120,1
DA:121,1
DA:122,1
DA:124,0
DA:125,0
DA:126,0
DA:128,1
DA:132,17
DA:133,2
DA:138,2
DA:139,0
DA:140,0
DA:141,0
DA:145,17
DA:146,0
DA:149,17
DA:150,0
DA:151,0
DA:154,17
DA:155,1
DA:156,1
DA:157,1
DA:159,1
DA:160,1
DA:161,1
DA:162,0
DA:163,0
DA:166,1
DA:171,1
DA:172,1
DA:173,1
DA:174,1
DA:175,1
DA:176,1
DA:178,0
DA:179,0
DA:181,1
DA:185,17
DA:186,2
DA:187,2
DA:188,2
DA:189,2
DA:190,2
DA:193,0
DA:194,0
DA:197,17
DA:198,0
DA:199,0
DA:202,17
DA:203,4
DA:204,3
DA:205,0
DA:208,17
DA:251,8
DA:255,0
DA:267,1
DA:341,1
DA:380,1
DA:391,1
LF:118
LH:95
BRDA:14,0,0,2
BRDA:14,0,1,0
BRDA:18,1,0,48
BRDA:18,1,1,6
BRDA:18,2,0,54
BRDA:18,2,1,54
BRDA:18,2,2,6
BRDA:23,3,0,16
BRDA:23,3,1,2
BRDA:25,4,0,0
BRDA:25,4,1,2
BRDA:69,5,0,6
BRDA:69,5,1,2
BRDA:70,6,0,2
BRDA:70,6,1,0
BRDA:92,7,0,0
BRDA:92,7,1,0
BRDA:104,8,0,2
BRDA:104,8,1,6
BRDA:104,9,0,8
BRDA:104,9,1,6
BRDA:113,10,0,0
BRDA:113,10,1,1
BRDA:124,11,0,0
BRDA:124,11,1,0
BRDA:138,12,0,0
BRDA:138,12,1,2
BRDA:161,13,0,0
BRDA:161,13,1,1
BRDA:178,14,0,0
BRDA:178,14,1,0
BRDA:188,15,0,2
BRDA:188,15,1,0
BRDA:203,16,0,1
BRDA:203,16,1,3
BRDA:204,17,0,3
BRDA:204,17,1,0
BRDA:223,18,0,17
BRDA:223,18,1,6
BRDA:235,19,0,17
BRDA:235,19,1,11
BRDA:236,20,0,17
BRDA:236,20,1,6
BRDA:240,21,0,0
BRDA:240,21,1,17
BRDA:244,22,0,17
BRDA:244,22,1,11
BRDA:246,23,0,0
BRDA:246,23,1,17
BRDA:249,24,0,8
BRDA:249,24,1,9
BRDA:254,25,0,6
BRDA:254,25,1,2
BRDA:298,26,0,17
BRDA:298,26,1,16
BRDA:309,27,0,6
BRDA:309,27,1,11
BRDA:321,28,0,17
BRDA:321,28,1,16
BRDA:343,29,0,1
BRDA:343,29,1,0
BRDA:343,29,2,0
BRDA:349,30,0,17
BRDA:349,30,1,17
BRDA:349,30,2,16
BRDA:352,31,0,0
BRDA:352,31,1,16
BRDA:358,32,0,17
BRDA:358,32,1,0
BRDA:368,33,0,17
BRDA:368,33,1,4
BRDA:371,34,0,4
BRDA:371,34,1,0
BRF:73
BRH:52
end_of_record
TN:
SF:src\components\pages\Dashboard\DashboardProfilePage.jsx
FN:17,(anonymous_0)
FN:25,(anonymous_1)
FN:36,(anonymous_2)
FN:37,(anonymous_3)
FN:43,(anonymous_4)
FN:80,(anonymous_5)
FN:111,(anonymous_6)
FN:119,(anonymous_7)
FN:128,(anonymous_8)
FN:136,(anonymous_9)
FN:144,(anonymous_10)
FN:153,(anonymous_11)
FNF:12
FNH:9
FNDA:15,(anonymous_0)
FNDA:3,(anonymous_1)
FNDA:3,(anonymous_2)
FNDA:3,(anonymous_3)
FNDA:3,(anonymous_4)
FNDA:1,(anonymous_5)
FNDA:0,(anonymous_6)
FNDA:0,(anonymous_7)
FNDA:1,(anonymous_8)
FNDA:1,(anonymous_9)
FNDA:0,(anonymous_10)
FNDA:1,(anonymous_11)
DA:8,1
DA:17,1
DA:18,15
DA:19,15
DA:20,15
DA:21,15
DA:22,15
DA:23,15
DA:25,15
DA:26,3
DA:36,15
DA:37,3
DA:43,15
DA:44,3
DA:45,3
DA:46,3
DA:47,3
DA:49,3
DA:50,3
DA:52,3
DA:60,3
DA:61,1
DA:67,3
DA:76,3
DA:78,3
DA:79,1
DA:80,1
DA:81,1
DA:82,1
DA:86,0
DA:87,0
DA:89,3
DA:93,15
DA:111,0
DA:119,0
DA:128,1
DA:136,1
DA:144,0
DA:153,1
LF:39
LH:34
BRDA:27,0,0,3
BRDA:27,0,1,0
BRDA:28,1,0,3
BRDA:28,1,1,0
BRDA:29,2,0,3
BRDA:29,2,1,0
BRDA:30,3,0,3
BRDA:30,3,1,0
BRDA:31,4,0,3
BRDA:31,4,1,0
BRDA:60,5,0,1
BRDA:60,5,1,2
BRDA:78,6,0,1
BRDA:78,6,1,2
BRDA:86,7,0,0
BRDA:86,7,1,0
BRDA:101,8,0,15
BRDA:101,8,1,0
BRDA:102,9,0,15
BRDA:102,9,1,3
BRF:20
BRH:12
end_of_record
TN:
SF:src\context\AuthContext.jsx
FN:6,(anonymous_0)
FN:7,(anonymous_1)
FN:19,(anonymous_2)
FN:24,(anonymous_3)
FN:40,(anonymous_4)
FN:47,(anonymous_5)
FN:52,(anonymous_6)
FN:58,(anonymous_7)
FN:59,(anonymous_8)
FN:86,(anonymous_9)
FNF:10
FNH:9
FNDA:8,(anonymous_0)
FNDA:4,(anonymous_1)
FNDA:4,(anonymous_2)
FNDA:2,(anonymous_3)
FNDA:1,(anonymous_4)
FNDA:1,(anonymous_5)
FNDA:1,(anonymous_6)
FNDA:4,(anonymous_7)
FNDA:0,(anonymous_8)
FNDA:8,(anonymous_9)
DA:4,1
DA:6,1
DA:7,8
DA:8,4
DA:9,4
DA:11,0
DA:12,0
DA:14,0
DA:15,0
DA:19,8
DA:20,4
DA:22,8
DA:24,8
DA:25,2
DA:34,2
DA:35,2
DA:36,2
DA:37,2
DA:40,8
DA:41,1
DA:42,1
DA:43,1
DA:44,1
DA:47,8
DA:48,1
DA:49,1
DA:52,8
DA:53,1
DA:54,1
DA:58,8
DA:59,4
DA:60,0
DA:61,0
DA:62,0
DA:65,4
DA:68,8
DA:79,8
DA:86,1
DA:87,8
DA:88,8
DA:89,0
DA:91,8
LF:42
LH:34
BRDA:9,0,0,4
BRDA:9,0,1,0
BRDA:71,1,0,8
BRDA:71,1,1,3
BRDA:88,2,0,0
BRDA:88,2,1,8
BRF:6
BRH:4
end_of_record
TN:
SF:src\hooks\useLogin.js
FN:5,(anonymous_0)
FN:10,(anonymous_1)
FNF:2
FNH:2
FNDA:4,(anonymous_0)
FNDA:2,(anonymous_1)
DA:5,1
DA:6,4
DA:7,4
DA:8,4
DA:10,4
DA:11,2
DA:12,2
DA:13,2
DA:15,2
DA:16,1
DA:18,1
DA:19,1
DA:20,1
DA:22,2
DA:26,4
LF:15
LH:15
BRDA:18,0,0,1
BRDA:18,0,1,0
BRF:2
BRH:1
end_of_record
TN:
SF:src\hooks\useRoles.js
FN:4,(anonymous_0)
FN:9,(anonymous_1)
FN:10,(anonymous_2)
FNF:3
FNH:3
FNDA:6,(anonymous_0)
FNDA:2,(anonymous_1)
FNDA:2,(anonymous_2)
DA:4,1
DA:5,6
DA:6,6
DA:7,6
DA:9,6
DA:10,2
DA:11,2
DA:12,2
DA:13,2
DA:14,2
DA:15,1
DA:17,1
DA:18,1
DA:20,2
DA:24,2
DA:27,6
LF:16
LH:16
BRDA:17,0,0,1
BRDA:17,0,1,0
BRF:2
BRH:1
end_of_record
TN:
SF:src\services\authService.js
FN:12,(anonymous_0)
FN:18,(anonymous_1)
FN:38,(anonymous_2)
FN:49,(anonymous_3)
FN:53,(anonymous_4)
FN:54,(anonymous_5)
FN:70,(anonymous_6)
FN:78,(anonymous_7)
FN:83,(anonymous_8)
FN:88,(anonymous_9)
FN:103,(anonymous_10)
FN:107,(anonymous_11)
FN:111,(anonymous_12)
FN:116,(anonymous_13)
FN:128,(anonymous_14)
FN:132,(anonymous_15)
FNF:16
FNH:15
FNDA:3,(anonymous_0)
FNDA:4,(anonymous_1)
FNDA:2,(anonymous_2)
FNDA:1,(anonymous_3)
FNDA:0,(anonymous_4)
FNDA:2,(anonymous_5)
FNDA:4,(anonymous_6)
FNDA:1,(anonymous_7)
FNDA:1,(anonymous_8)
FNDA:2,(anonymous_9)
FNDA:1,(anonymous_10)
FNDA:1,(anonymous_11)
FNDA:1,(anonymous_12)
FNDA:1,(anonymous_13)
FNDA:1,(anonymous_14)
FNDA:1,(anonymous_15)
DA:3,1
DA:5,1
DA:12,1
DA:13,3
DA:14,2
DA:15,1
DA:18,1
DA:19,4
DA:20,1
DA:23,3
DA:24,2
DA:25,2
DA:26,1
DA:29,1
DA:30,2
DA:31,1
DA:35,1
DA:38,1
DA:39,2
DA:40,2
DA:41,1
DA:43,2
DA:47,1
DA:49,1
DA:50,1
DA:53,1
DA:54,0
DA:56,2
DA:57,2
DA:58,2
DA:59,2
DA:61,2
DA:62,2
DA:65,2
DA:69,1
DA:71,4
DA:72,4
DA:79,1
DA:80,1
DA:84,1
DA:85,1
DA:89,2
DA:90,2
DA:92,2
DA:93,2
DA:94,2
DA:95,2
DA:96,2
DA:97,2
DA:98,2
DA:100,2
DA:104,1
DA:108,1
DA:112,1
DA:113,1
DA:117,1
DA:118,1
DA:119,1
DA:120,1
DA:121,1
DA:122,1
DA:123,1
DA:125,1
DA:129,1
DA:133,1
DA:134,1
LF:66
LH:65
BRDA:3,0,0,1
BRDA:3,0,1,0
BRDA:13,1,0,1
BRDA:13,1,1,2
BRDA:14,2,0,1
BRDA:14,2,1,1
BRDA:19,3,0,1
BRDA:19,3,1,3
BRDA:23,4,0,2
BRDA:23,4,1,1
BRDA:23,5,0,3
BRDA:23,5,1,2
BRDA:24,6,0,2
BRDA:24,6,1,1
BRDA:25,7,0,1
BRDA:25,7,1,1
BRDA:25,8,0,2
BRDA:25,8,1,1
BRDA:29,9,0,1
BRDA:29,9,1,0
BRDA:30,10,0,1
BRDA:30,10,1,1
BRDA:40,11,0,1
BRDA:40,11,1,1
BRDA:56,12,0,2
BRDA:56,12,1,0
BRDA:56,13,0,2
BRDA:56,13,1,1
BRDA:61,14,0,2
BRDA:61,14,1,0
BRF:30
BRH:26
end_of_record
TN:
SF:src\services\inventarioService.js
FN:4,(anonymous_0)
FN:9,(anonymous_1)
FN:14,(anonymous_2)
FN:18,(anonymous_3)
FN:23,(anonymous_4)
FN:28,(anonymous_5)
FN:33,(anonymous_6)
FN:38,(anonymous_7)
FN:43,(anonymous_8)
FNF:9
FNH:9
FNDA:1,(anonymous_0)
FNDA:1,(anonymous_1)
FNDA:1,(anonymous_2)
FNDA:1,(anonymous_3)
FNDA:1,(anonymous_4)
FNDA:1,(anonymous_5)
FNDA:1,(anonymous_6)
FNDA:1,(anonymous_7)
FNDA:1,(anonymous_8)
DA:3,1
DA:5,1
DA:6,1
DA:10,1
DA:11,1
DA:15,1
DA:19,1
DA:20,1
DA:24,1
DA:25,1
DA:29,1
DA:30,1
DA:34,1
DA:35,1
DA:39,1
DA:40,1
DA:44,1
DA:45,1
LF:18
LH:18
BRF:0
BRH:0
end_of_record
TN:
SF:src\styles\components\atoms.css
FNF:0
FNH:0
LF:0
LH:0
BRF:0
BRH:0
end_of_record
TN:
SF:src\styles\components\molecules.css
FNF:0
FNH:0
LF:0
LH:0
BRF:0
BRH:0
end_of_record
TN:
SF:src\styles\pages\dashboard.css
FNF:0
FNH:0
LF:0
LH:0
BRF:0
BRH:0
end_of_record
